CRITICAL - 2022-05-12 14:22:09 --> Call to undefined method CodeIgniter\View\View::extends()
#0 C:\xampp\htdocs\sistema_fazenda\system\View\View.php(210): include()
#1 C:\xampp\htdocs\sistema_fazenda\system\View\View.php(213): CodeIgniter\View\View->CodeIgniter\View\{closure}()
#2 C:\xampp\htdocs\sistema_fazenda\system\Common.php(1089): CodeIgniter\View\View->render('dashboard/index', Array, true)
#3 C:\xampp\htdocs\sistema_fazenda\app\Controllers\Dashboard.php(9): view('dashboard/index')
#4 C:\xampp\htdocs\sistema_fazenda\system\CodeIgniter.php(832): App\Controllers\Dashboard->index()
#5 C:\xampp\htdocs\sistema_fazenda\system\CodeIgniter.php(419): CodeIgniter\CodeIgniter->runController(Object(App\Controllers\Dashboard))
#6 C:\xampp\htdocs\sistema_fazenda\system\CodeIgniter.php(326): CodeIgniter\CodeIgniter->handleRequest(NULL, Object(Config\Cache), false)
#7 C:\xampp\htdocs\sistema_fazenda\public\index.php(37): CodeIgniter\CodeIgniter->run()
#8 {main}
CRITICAL - 2022-05-12 14:22:15 --> Call to undefined method CodeIgniter\View\View::extends()
#0 C:\xampp\htdocs\sistema_fazenda\system\View\View.php(210): include()
#1 C:\xampp\htdocs\sistema_fazenda\system\View\View.php(213): CodeIgniter\View\View->CodeIgniter\View\{closure}()
#2 C:\xampp\htdocs\sistema_fazenda\system\Common.php(1089): CodeIgniter\View\View->render('dashboard/index', Array, true)
#3 C:\xampp\htdocs\sistema_fazenda\app\Controllers\Dashboard.php(9): view('dashboard/index')
#4 C:\xampp\htdocs\sistema_fazenda\system\CodeIgniter.php(832): App\Controllers\Dashboard->index()
#5 C:\xampp\htdocs\sistema_fazenda\system\CodeIgniter.php(419): CodeIgniter\CodeIgniter->runController(Object(App\Controllers\Dashboard))
#6 C:\xampp\htdocs\sistema_fazenda\system\CodeIgniter.php(326): CodeIgniter\CodeIgniter->handleRequest(NULL, Object(Config\Cache), false)
#7 C:\xampp\htdocs\sistema_fazenda\public\index.php(37): CodeIgniter\CodeIgniter->run()
#8 {main}
CRITICAL - 2022-05-12 14:31:22 --> Call to undefined method CodeIgniter\View\View::extends()
#0 C:\xampp\htdocs\sistema_fazenda\system\View\View.php(210): include()
#1 C:\xampp\htdocs\sistema_fazenda\system\View\View.php(213): CodeIgniter\View\View->CodeIgniter\View\{closure}()
#2 C:\xampp\htdocs\sistema_fazenda\system\Common.php(1089): CodeIgniter\View\View->render('dashboard/index', Array, true)
#3 C:\xampp\htdocs\sistema_fazenda\app\Controllers\Dashboard.php(9): view('dashboard/index')
#4 C:\xampp\htdocs\sistema_fazenda\system\CodeIgniter.php(832): App\Controllers\Dashboard->index()
#5 C:\xampp\htdocs\sistema_fazenda\system\CodeIgniter.php(419): CodeIgniter\CodeIgniter->runController(Object(App\Controllers\Dashboard))
#6 C:\xampp\htdocs\sistema_fazenda\system\CodeIgniter.php(326): CodeIgniter\CodeIgniter->handleRequest(NULL, Object(Config\Cache), false)
#7 C:\xampp\htdocs\sistema_fazenda\public\index.php(37): CodeIgniter\CodeIgniter->run()
#8 {main}
CRITICAL - 2022-05-12 14:31:33 --> Call to undefined method CodeIgniter\View\View::extends()
#0 C:\xampp\htdocs\sistema_fazenda\system\View\View.php(210): include()
#1 C:\xampp\htdocs\sistema_fazenda\system\View\View.php(213): CodeIgniter\View\View->CodeIgniter\View\{closure}()
#2 C:\xampp\htdocs\sistema_fazenda\system\Common.php(1089): CodeIgniter\View\View->render('dashboard/index', Array, true)
#3 C:\xampp\htdocs\sistema_fazenda\app\Controllers\Dashboard.php(9): view('dashboard/index')
#4 C:\xampp\htdocs\sistema_fazenda\system\CodeIgniter.php(832): App\Controllers\Dashboard->index()
#5 C:\xampp\htdocs\sistema_fazenda\system\CodeIgniter.php(419): CodeIgniter\CodeIgniter->runController(Object(App\Controllers\Dashboard))
#6 C:\xampp\htdocs\sistema_fazenda\system\CodeIgniter.php(326): CodeIgniter\CodeIgniter->handleRequest(NULL, Object(Config\Cache), false)
#7 C:\xampp\htdocs\sistema_fazenda\public\index.php(37): CodeIgniter\CodeIgniter->run()
#8 {main}
CRITICAL - 2022-05-12 14:32:40 --> Invalid file: templates/admin_dashboard.php
#0 C:\xampp\htdocs\sistema_fazenda\system\View\View.php(198): CodeIgniter\Exceptions\FrameworkException::forInvalidFile('templates/admin...')
#1 C:\xampp\htdocs\sistema_fazenda\system\Common.php(1089): CodeIgniter\View\View->render('templates/admin...', Array, true)
#2 C:\xampp\htdocs\sistema_fazenda\app\Controllers\Dashboard.php(9): view('templates/admin...')
#3 C:\xampp\htdocs\sistema_fazenda\system\CodeIgniter.php(832): App\Controllers\Dashboard->index()
#4 C:\xampp\htdocs\sistema_fazenda\system\CodeIgniter.php(419): CodeIgniter\CodeIgniter->runController(Object(App\Controllers\Dashboard))
#5 C:\xampp\htdocs\sistema_fazenda\system\CodeIgniter.php(326): CodeIgniter\CodeIgniter->handleRequest(NULL, Object(Config\Cache), false)
#6 C:\xampp\htdocs\sistema_fazenda\public\index.php(37): CodeIgniter\CodeIgniter->run()
#7 C:\xampp\htdocs\sistema_fazenda\system\Commands\Server\rewrite.php(43): require_once('C:\\xampp\\htdocs...')
#8 {main}
CRITICAL - 2022-05-12 14:33:04 --> Invalid file: templates/admin_dashboard.php
#0 C:\xampp\htdocs\sistema_fazenda\system\View\View.php(198): CodeIgniter\Exceptions\FrameworkException::forInvalidFile('templates/admin...')
#1 C:\xampp\htdocs\sistema_fazenda\system\Common.php(1089): CodeIgniter\View\View->render('templates/admin...', Array, true)
#2 C:\xampp\htdocs\sistema_fazenda\app\Controllers\Dashboard.php(9): view('templates/admin...')
#3 C:\xampp\htdocs\sistema_fazenda\system\CodeIgniter.php(832): App\Controllers\Dashboard->index()
#4 C:\xampp\htdocs\sistema_fazenda\system\CodeIgniter.php(419): CodeIgniter\CodeIgniter->runController(Object(App\Controllers\Dashboard))
#5 C:\xampp\htdocs\sistema_fazenda\system\CodeIgniter.php(326): CodeIgniter\CodeIgniter->handleRequest(NULL, Object(Config\Cache), false)
#6 C:\xampp\htdocs\sistema_fazenda\public\index.php(37): CodeIgniter\CodeIgniter->run()
#7 C:\xampp\htdocs\sistema_fazenda\system\Commands\Server\rewrite.php(43): require_once('C:\\xampp\\htdocs...')
#8 {main}
CRITICAL - 2022-05-12 14:33:13 --> Call to undefined method CodeIgniter\View\View::extends()
#0 C:\xampp\htdocs\sistema_fazenda\system\View\View.php(210): include()
#1 C:\xampp\htdocs\sistema_fazenda\system\View\View.php(213): CodeIgniter\View\View->CodeIgniter\View\{closure}()
#2 C:\xampp\htdocs\sistema_fazenda\system\Common.php(1089): CodeIgniter\View\View->render('dashboard/index', Array, true)
#3 C:\xampp\htdocs\sistema_fazenda\app\Controllers\Dashboard.php(9): view('dashboard/index')
#4 C:\xampp\htdocs\sistema_fazenda\system\CodeIgniter.php(832): App\Controllers\Dashboard->index()
#5 C:\xampp\htdocs\sistema_fazenda\system\CodeIgniter.php(419): CodeIgniter\CodeIgniter->runController(Object(App\Controllers\Dashboard))
#6 C:\xampp\htdocs\sistema_fazenda\system\CodeIgniter.php(326): CodeIgniter\CodeIgniter->handleRequest(NULL, Object(Config\Cache), false)
#7 C:\xampp\htdocs\sistema_fazenda\public\index.php(37): CodeIgniter\CodeIgniter->run()
#8 C:\xampp\htdocs\sistema_fazenda\system\Commands\Server\rewrite.php(43): require_once('C:\\xampp\\htdocs...')
#9 {main}
CRITICAL - 2022-05-12 14:33:17 --> Call to undefined method CodeIgniter\View\View::extends()
#0 C:\xampp\htdocs\sistema_fazenda\system\View\View.php(210): include()
#1 C:\xampp\htdocs\sistema_fazenda\system\View\View.php(213): CodeIgniter\View\View->CodeIgniter\View\{closure}()
#2 C:\xampp\htdocs\sistema_fazenda\system\Common.php(1089): CodeIgniter\View\View->render('dashboard/index', Array, true)
#3 C:\xampp\htdocs\sistema_fazenda\app\Controllers\Dashboard.php(9): view('dashboard/index')
#4 C:\xampp\htdocs\sistema_fazenda\system\CodeIgniter.php(832): App\Controllers\Dashboard->index()
#5 C:\xampp\htdocs\sistema_fazenda\system\CodeIgniter.php(419): CodeIgniter\CodeIgniter->runController(Object(App\Controllers\Dashboard))
#6 C:\xampp\htdocs\sistema_fazenda\system\CodeIgniter.php(326): CodeIgniter\CodeIgniter->handleRequest(NULL, Object(Config\Cache), false)
#7 C:\xampp\htdocs\sistema_fazenda\public\index.php(37): CodeIgniter\CodeIgniter->run()
#8 {main}
CRITICAL - 2022-05-12 14:51:21 --> Call to undefined method CodeIgniter\View\View::extends()
#0 C:\xampp\htdocs\sistema_fazenda\system\View\View.php(210): include()
#1 C:\xampp\htdocs\sistema_fazenda\system\View\View.php(213): CodeIgniter\View\View->CodeIgniter\View\{closure}()
#2 C:\xampp\htdocs\sistema_fazenda\system\Common.php(1089): CodeIgniter\View\View->render('dashboard/index', Array, true)
#3 C:\xampp\htdocs\sistema_fazenda\app\Controllers\Dashboard.php(9): view('dashboard/index')
#4 C:\xampp\htdocs\sistema_fazenda\system\CodeIgniter.php(832): App\Controllers\Dashboard->index()
#5 C:\xampp\htdocs\sistema_fazenda\system\CodeIgniter.php(419): CodeIgniter\CodeIgniter->runController(Object(App\Controllers\Dashboard))
#6 C:\xampp\htdocs\sistema_fazenda\system\CodeIgniter.php(326): CodeIgniter\CodeIgniter->handleRequest(NULL, Object(Config\Cache), false)
#7 C:\xampp\htdocs\sistema_fazenda\public\index.php(37): CodeIgniter\CodeIgniter->run()
#8 {main}
CRITICAL - 2022-05-12 15:04:20 --> Call to undefined method CodeIgniter\View\View::extends()
#0 C:\xampp\htdocs\sistema_fazenda\system\View\View.php(210): include()
#1 C:\xampp\htdocs\sistema_fazenda\system\View\View.php(213): CodeIgniter\View\View->CodeIgniter\View\{closure}()
#2 C:\xampp\htdocs\sistema_fazenda\system\Common.php(1089): CodeIgniter\View\View->render('dashboard/index', Array, true)
#3 C:\xampp\htdocs\sistema_fazenda\app\Controllers\Dashboard.php(9): view('dashboard/index')
#4 C:\xampp\htdocs\sistema_fazenda\system\CodeIgniter.php(832): App\Controllers\Dashboard->index()
#5 C:\xampp\htdocs\sistema_fazenda\system\CodeIgniter.php(419): CodeIgniter\CodeIgniter->runController(Object(App\Controllers\Dashboard))
#6 C:\xampp\htdocs\sistema_fazenda\system\CodeIgniter.php(326): CodeIgniter\CodeIgniter->handleRequest(NULL, Object(Config\Cache), false)
#7 C:\xampp\htdocs\sistema_fazenda\public\index.php(37): CodeIgniter\CodeIgniter->run()
#8 {main}
CRITICAL - 2022-05-12 15:04:31 --> Call to undefined method CodeIgniter\View\View::extends()
#0 C:\xampp\htdocs\sistema_fazenda\system\View\View.php(210): include()
#1 C:\xampp\htdocs\sistema_fazenda\system\View\View.php(213): CodeIgniter\View\View->CodeIgniter\View\{closure}()
#2 C:\xampp\htdocs\sistema_fazenda\system\Common.php(1089): CodeIgniter\View\View->render('dashboard/index', Array, true)
#3 C:\xampp\htdocs\sistema_fazenda\app\Controllers\Dashboard.php(9): view('dashboard/index')
#4 C:\xampp\htdocs\sistema_fazenda\system\CodeIgniter.php(832): App\Controllers\Dashboard->index()
#5 C:\xampp\htdocs\sistema_fazenda\system\CodeIgniter.php(419): CodeIgniter\CodeIgniter->runController(Object(App\Controllers\Dashboard))
#6 C:\xampp\htdocs\sistema_fazenda\system\CodeIgniter.php(326): CodeIgniter\CodeIgniter->handleRequest(NULL, Object(Config\Cache), false)
#7 C:\xampp\htdocs\sistema_fazenda\public\index.php(37): CodeIgniter\CodeIgniter->run()
#8 {main}
CRITICAL - 2022-05-12 15:04:34 --> Call to undefined method CodeIgniter\View\View::extends()
#0 C:\xampp\htdocs\sistema_fazenda\system\View\View.php(210): include()
#1 C:\xampp\htdocs\sistema_fazenda\system\View\View.php(213): CodeIgniter\View\View->CodeIgniter\View\{closure}()
#2 C:\xampp\htdocs\sistema_fazenda\system\Common.php(1089): CodeIgniter\View\View->render('dashboard/index', Array, true)
#3 C:\xampp\htdocs\sistema_fazenda\app\Controllers\Dashboard.php(9): view('dashboard/index')
#4 C:\xampp\htdocs\sistema_fazenda\system\CodeIgniter.php(832): App\Controllers\Dashboard->index()
#5 C:\xampp\htdocs\sistema_fazenda\system\CodeIgniter.php(419): CodeIgniter\CodeIgniter->runController(Object(App\Controllers\Dashboard))
#6 C:\xampp\htdocs\sistema_fazenda\system\CodeIgniter.php(326): CodeIgniter\CodeIgniter->handleRequest(NULL, Object(Config\Cache), false)
#7 C:\xampp\htdocs\sistema_fazenda\public\index.php(37): CodeIgniter\CodeIgniter->run()
#8 {main}
CRITICAL - 2022-05-12 15:12:20 --> Call to undefined method CodeIgniter\View\View::extends()
#0 C:\xampp\htdocs\sistema_fazenda\system\View\View.php(210): include()
#1 C:\xampp\htdocs\sistema_fazenda\system\View\View.php(213): CodeIgniter\View\View->CodeIgniter\View\{closure}()
#2 C:\xampp\htdocs\sistema_fazenda\system\Common.php(1089): CodeIgniter\View\View->render('dashboard/index', Array, true)
#3 C:\xampp\htdocs\sistema_fazenda\app\Controllers\Dashboard.php(9): view('dashboard/index')
#4 C:\xampp\htdocs\sistema_fazenda\system\CodeIgniter.php(832): App\Controllers\Dashboard->index()
#5 C:\xampp\htdocs\sistema_fazenda\system\CodeIgniter.php(419): CodeIgniter\CodeIgniter->runController(Object(App\Controllers\Dashboard))
#6 C:\xampp\htdocs\sistema_fazenda\system\CodeIgniter.php(326): CodeIgniter\CodeIgniter->handleRequest(NULL, Object(Config\Cache), false)
#7 C:\xampp\htdocs\sistema_fazenda\public\index.php(37): CodeIgniter\CodeIgniter->run()
#8 {main}
CRITICAL - 2022-05-12 15:12:48 --> Call to undefined method CodeIgniter\View\View::extends()
#0 C:\xampp\htdocs\sistema_fazenda\system\View\View.php(210): include()
#1 C:\xampp\htdocs\sistema_fazenda\system\View\View.php(213): CodeIgniter\View\View->CodeIgniter\View\{closure}()
#2 C:\xampp\htdocs\sistema_fazenda\system\Common.php(1089): CodeIgniter\View\View->render('dashboard/index', Array, true)
#3 C:\xampp\htdocs\sistema_fazenda\app\Controllers\Dashboard.php(9): view('dashboard/index')
#4 C:\xampp\htdocs\sistema_fazenda\system\CodeIgniter.php(832): App\Controllers\Dashboard->index()
#5 C:\xampp\htdocs\sistema_fazenda\system\CodeIgniter.php(419): CodeIgniter\CodeIgniter->runController(Object(App\Controllers\Dashboard))
#6 C:\xampp\htdocs\sistema_fazenda\system\CodeIgniter.php(326): CodeIgniter\CodeIgniter->handleRequest(NULL, Object(Config\Cache), false)
#7 C:\xampp\htdocs\sistema_fazenda\public\index.php(37): CodeIgniter\CodeIgniter->run()
#8 {main}
