CRITICAL - 2022-05-26 12:20:17 --> Call to undefined method CodeIgniter\View\View::extends()
#0 C:\xampp\htdocs\sistema_fazenda\system\View\View.php(210): include()
#1 C:\xampp\htdocs\sistema_fazenda\system\View\View.php(213): CodeIgniter\View\View->CodeIgniter\View\{closure}()
#2 C:\xampp\htdocs\sistema_fazenda\system\Common.php(1089): CodeIgniter\View\View->render('dashboard/index', Array, true)
#3 C:\xampp\htdocs\sistema_fazenda\app\Controllers\Dashboard.php(9): view('dashboard/index')
#4 C:\xampp\htdocs\sistema_fazenda\system\CodeIgniter.php(832): App\Controllers\Dashboard->index()
#5 C:\xampp\htdocs\sistema_fazenda\system\CodeIgniter.php(419): CodeIgniter\CodeIgniter->runController(Object(App\Controllers\Dashboard))
#6 C:\xampp\htdocs\sistema_fazenda\system\CodeIgniter.php(326): CodeIgniter\CodeIgniter->handleRequest(NULL, Object(Config\Cache), false)
#7 C:\xampp\htdocs\sistema_fazenda\public\index.php(37): CodeIgniter\CodeIgniter->run()
#8 C:\xampp\htdocs\sistema_fazenda\system\Commands\Server\rewrite.php(43): require_once('C:\\xampp\\htdocs...')
#9 {main}
CRITICAL - 2022-05-26 12:20:20 --> Call to undefined method CodeIgniter\View\View::extends()
#0 C:\xampp\htdocs\sistema_fazenda\system\View\View.php(210): include()
#1 C:\xampp\htdocs\sistema_fazenda\system\View\View.php(213): CodeIgniter\View\View->CodeIgniter\View\{closure}()
#2 C:\xampp\htdocs\sistema_fazenda\system\Common.php(1089): CodeIgniter\View\View->render('dashboard/index', Array, true)
#3 C:\xampp\htdocs\sistema_fazenda\app\Controllers\Dashboard.php(9): view('dashboard/index')
#4 C:\xampp\htdocs\sistema_fazenda\system\CodeIgniter.php(832): App\Controllers\Dashboard->index()
#5 C:\xampp\htdocs\sistema_fazenda\system\CodeIgniter.php(419): CodeIgniter\CodeIgniter->runController(Object(App\Controllers\Dashboard))
#6 C:\xampp\htdocs\sistema_fazenda\system\CodeIgniter.php(326): CodeIgniter\CodeIgniter->handleRequest(NULL, Object(Config\Cache), false)
#7 C:\xampp\htdocs\sistema_fazenda\public\index.php(37): CodeIgniter\CodeIgniter->run()
#8 C:\xampp\htdocs\sistema_fazenda\system\Commands\Server\rewrite.php(43): require_once('C:\\xampp\\htdocs...')
#9 {main}
CRITICAL - 2022-05-26 12:23:22 --> Call to undefined method CodeIgniter\View\View::extends()
#0 C:\xampp\htdocs\sistema_fazenda\system\View\View.php(210): include()
#1 C:\xampp\htdocs\sistema_fazenda\system\View\View.php(213): CodeIgniter\View\View->CodeIgniter\View\{closure}()
#2 C:\xampp\htdocs\sistema_fazenda\system\Common.php(1089): CodeIgniter\View\View->render('dashboard/index', Array, true)
#3 C:\xampp\htdocs\sistema_fazenda\app\Controllers\Dashboard.php(9): view('dashboard/index')
#4 C:\xampp\htdocs\sistema_fazenda\system\CodeIgniter.php(832): App\Controllers\Dashboard->index()
#5 C:\xampp\htdocs\sistema_fazenda\system\CodeIgniter.php(419): CodeIgniter\CodeIgniter->runController(Object(App\Controllers\Dashboard))
#6 C:\xampp\htdocs\sistema_fazenda\system\CodeIgniter.php(326): CodeIgniter\CodeIgniter->handleRequest(NULL, Object(Config\Cache), false)
#7 C:\xampp\htdocs\sistema_fazenda\public\index.php(37): CodeIgniter\CodeIgniter->run()
#8 C:\xampp\htdocs\sistema_fazenda\system\Commands\Server\rewrite.php(43): require_once('C:\\xampp\\htdocs...')
#9 {main}
CRITICAL - 2022-05-26 12:28:36 --> Call to undefined method CodeIgniter\View\View::extends()
#0 C:\xampp\htdocs\sistema_fazenda\system\View\View.php(210): include()
#1 C:\xampp\htdocs\sistema_fazenda\system\View\View.php(213): CodeIgniter\View\View->CodeIgniter\View\{closure}()
#2 C:\xampp\htdocs\sistema_fazenda\system\Common.php(1089): CodeIgniter\View\View->render('dashboard/index', Array, true)
#3 C:\xampp\htdocs\sistema_fazenda\app\Controllers\Dashboard.php(9): view('dashboard/index')
#4 C:\xampp\htdocs\sistema_fazenda\system\CodeIgniter.php(832): App\Controllers\Dashboard->index()
#5 C:\xampp\htdocs\sistema_fazenda\system\CodeIgniter.php(419): CodeIgniter\CodeIgniter->runController(Object(App\Controllers\Dashboard))
#6 C:\xampp\htdocs\sistema_fazenda\system\CodeIgniter.php(326): CodeIgniter\CodeIgniter->handleRequest(NULL, Object(Config\Cache), false)
#7 C:\xampp\htdocs\sistema_fazenda\public\index.php(37): CodeIgniter\CodeIgniter->run()
#8 C:\xampp\htdocs\sistema_fazenda\system\Commands\Server\rewrite.php(43): require_once('C:\\xampp\\htdocs...')
#9 {main}
CRITICAL - 2022-05-26 12:34:16 --> Call to undefined method CodeIgniter\View\View::extends()
#0 C:\xampp\htdocs\sistema_fazenda\system\View\View.php(210): include()
#1 C:\xampp\htdocs\sistema_fazenda\system\View\View.php(213): CodeIgniter\View\View->CodeIgniter\View\{closure}()
#2 C:\xampp\htdocs\sistema_fazenda\system\Common.php(1089): CodeIgniter\View\View->render('dashboard/index', Array, true)
#3 C:\xampp\htdocs\sistema_fazenda\app\Controllers\Dashboard.php(9): view('dashboard/index')
#4 C:\xampp\htdocs\sistema_fazenda\system\CodeIgniter.php(832): App\Controllers\Dashboard->index()
#5 C:\xampp\htdocs\sistema_fazenda\system\CodeIgniter.php(419): CodeIgniter\CodeIgniter->runController(Object(App\Controllers\Dashboard))
#6 C:\xampp\htdocs\sistema_fazenda\system\CodeIgniter.php(326): CodeIgniter\CodeIgniter->handleRequest(NULL, Object(Config\Cache), false)
#7 C:\xampp\htdocs\sistema_fazenda\public\index.php(37): CodeIgniter\CodeIgniter->run()
#8 C:\xampp\htdocs\sistema_fazenda\system\Commands\Server\rewrite.php(43): require_once('C:\\xampp\\htdocs...')
#9 {main}
CRITICAL - 2022-05-26 12:34:22 --> Call to undefined method CodeIgniter\View\View::extends()
#0 C:\xampp\htdocs\sistema_fazenda\system\View\View.php(210): include()
#1 C:\xampp\htdocs\sistema_fazenda\system\View\View.php(213): CodeIgniter\View\View->CodeIgniter\View\{closure}()
#2 C:\xampp\htdocs\sistema_fazenda\system\Common.php(1089): CodeIgniter\View\View->render('dashboard/index', Array, true)
#3 C:\xampp\htdocs\sistema_fazenda\app\Controllers\Dashboard.php(9): view('dashboard/index')
#4 C:\xampp\htdocs\sistema_fazenda\system\CodeIgniter.php(832): App\Controllers\Dashboard->index()
#5 C:\xampp\htdocs\sistema_fazenda\system\CodeIgniter.php(419): CodeIgniter\CodeIgniter->runController(Object(App\Controllers\Dashboard))
#6 C:\xampp\htdocs\sistema_fazenda\system\CodeIgniter.php(326): CodeIgniter\CodeIgniter->handleRequest(NULL, Object(Config\Cache), false)
#7 C:\xampp\htdocs\sistema_fazenda\public\index.php(37): CodeIgniter\CodeIgniter->run()
#8 C:\xampp\htdocs\sistema_fazenda\system\Commands\Server\rewrite.php(43): require_once('C:\\xampp\\htdocs...')
#9 {main}
CRITICAL - 2022-05-26 12:38:23 --> Call to undefined method CodeIgniter\View\View::extends()
#0 C:\xampp\htdocs\sistema_fazenda\system\View\View.php(210): include()
#1 C:\xampp\htdocs\sistema_fazenda\system\View\View.php(213): CodeIgniter\View\View->CodeIgniter\View\{closure}()
#2 C:\xampp\htdocs\sistema_fazenda\system\Common.php(1089): CodeIgniter\View\View->render('dashboard/index', Array, true)
#3 C:\xampp\htdocs\sistema_fazenda\app\Controllers\Dashboard.php(9): view('dashboard/index')
#4 C:\xampp\htdocs\sistema_fazenda\system\CodeIgniter.php(832): App\Controllers\Dashboard->index()
#5 C:\xampp\htdocs\sistema_fazenda\system\CodeIgniter.php(419): CodeIgniter\CodeIgniter->runController(Object(App\Controllers\Dashboard))
#6 C:\xampp\htdocs\sistema_fazenda\system\CodeIgniter.php(326): CodeIgniter\CodeIgniter->handleRequest(NULL, Object(Config\Cache), false)
#7 C:\xampp\htdocs\sistema_fazenda\public\index.php(37): CodeIgniter\CodeIgniter->run()
#8 C:\xampp\htdocs\sistema_fazenda\system\Commands\Server\rewrite.php(43): require_once('C:\\xampp\\htdocs...')
#9 {main}
